{"/home/kunit/code/realworld/packages/backend/mixins/knexdb.mixin.js": {"path":"/home/kunit/code/realworld/packages/backend/mixins/knexdb.mixin.js","statementMap":{"0":{"start":{"line":1,"column":24},"end":{"line":1,"column":52}},"1":{"start":{"line":3,"column":26},"end":{"line":3,"column":53}},"2":{"start":{"line":5,"column":0},"end":{"line":22,"column":2}},"3":{"start":{"line":6,"column":37},"end":{"line":9,"column":3}},"4":{"start":{"line":10,"column":2},"end":{"line":12,"column":3}},"5":{"start":{"line":11,"column":4},"end":{"line":11,"column":70}},"6":{"start":{"line":13,"column":18},"end":{"line":13,"column":33}},"7":{"start":{"line":14,"column":2},"end":{"line":21,"column":5}}},"fnMap":{"0":{"name":"(anonymous_0)","decl":{"start":{"line":5,"column":18},"end":{"line":5,"column":19}},"loc":{"start":{"line":5,"column":31},"end":{"line":22,"column":1}},"line":5}},"branchMap":{"0":{"loc":{"start":{"line":6,"column":37},"end":{"line":9,"column":3}},"type":"binary-expr","locations":[{"start":{"line":6,"column":37},"end":{"line":6,"column":44}},{"start":{"line":6,"column":48},"end":{"line":9,"column":3}}],"line":6},"1":{"loc":{"start":{"line":10,"column":2},"end":{"line":12,"column":3}},"type":"if","locations":[{"start":{"line":10,"column":2},"end":{"line":12,"column":3}},{"start":{"line":10,"column":2},"end":{"line":12,"column":3}}],"line":10}},"s":{"0":1,"1":1,"2":1,"3":2,"4":2,"5":1,"6":1,"7":1},"f":{"0":2},"b":{"0":[2,0],"1":[1,1]},"_coverageSchema":"1a1c01bbd47fc00a2c39e90264f33305004495a9","hash":"49b8533c438e2d9c0b476f1e2f30d0f645697ba9"}
,"/home/kunit/code/realworld/packages/backend/utils/db.util.js": {"path":"/home/kunit/code/realworld/packages/backend/utils/db.util.js","statementMap":{"0":{"start":{"line":1,"column":25},"end":{"line":16,"column":1}},"1":{"start":{"line":7,"column":6},"end":{"line":7,"column":17}},"2":{"start":{"line":9,"column":2},"end":{"line":15,"column":3}},"3":{"start":{"line":18,"column":0},"end":{"line":29,"column":1}},"4":{"start":{"line":19,"column":21},"end":{"line":19,"column":39}},"5":{"start":{"line":20,"column":61},"end":{"line":20,"column":72}},"6":{"start":{"line":21,"column":2},"end":{"line":28,"column":3}}},"fnMap":{"0":{"name":"(anonymous_0)","decl":{"start":{"line":1,"column":25},"end":{"line":1,"column":26}},"loc":{"start":{"line":1,"column":31},"end":{"line":16,"column":1}},"line":1},"1":{"name":"(anonymous_1)","decl":{"start":{"line":18,"column":24},"end":{"line":18,"column":25}},"loc":{"start":{"line":18,"column":30},"end":{"line":29,"column":1}},"line":18}},"branchMap":{},"s":{"0":1,"1":1,"2":1,"3":1,"4":1,"5":1,"6":1},"f":{"0":1,"1":1},"b":{},"_coverageSchema":"1a1c01bbd47fc00a2c39e90264f33305004495a9","hash":"16f51673b5f214de0b073dbdf2061ac93bff1f15"}
}
